ERROR - 2023-08-02 04:05:59 --> Error connecting to the database: No connection could be made because the target machine actively refused it
CRITICAL - 2023-08-02 04:05:59 --> Unable to connect to the database.
#0 C:\xampp\htdocs\MS\system\Database\BaseConnection.php(620): CodeIgniter\Database\BaseConnection->initialize()
#1 C:\xampp\htdocs\MS\system\Database\BaseBuilder.php(1866): CodeIgniter\Database\BaseConnection->query('SELECT *\nFROM `...', Array, false)
#2 C:\xampp\htdocs\MS\system\Model.php(247): CodeIgniter\Database\BaseBuilder->get()
#3 C:\xampp\htdocs\MS\system\BaseModel.php(624): CodeIgniter\Model->doFirst()
#4 C:\xampp\htdocs\MS\app\Controllers\Deskapp\Login.php(29): CodeIgniter\BaseModel->first()
#5 C:\xampp\htdocs\MS\system\CodeIgniter.php(935): App\Controllers\Deskapp\Login->auth()
#6 C:\xampp\htdocs\MS\system\CodeIgniter.php(431): CodeIgniter\CodeIgniter->runController(Object(App\Controllers\Deskapp\Login))
#7 C:\xampp\htdocs\MS\system\CodeIgniter.php(332): CodeIgniter\CodeIgniter->handleRequest(NULL, Object(Config\Cache), false)
#8 C:\xampp\htdocs\MS\index.php(44): CodeIgniter\CodeIgniter->run()
#9 {main}
ERROR - 2023-08-02 04:11:06 --> Error connecting to the database: Unknown database 'pro-manger'
CRITICAL - 2023-08-02 04:11:06 --> Unable to connect to the database.
#0 C:\xampp\htdocs\MS\system\Database\BaseConnection.php(620): CodeIgniter\Database\BaseConnection->initialize()
#1 C:\xampp\htdocs\MS\system\Database\BaseBuilder.php(1866): CodeIgniter\Database\BaseConnection->query('SELECT *\nFROM `...', Array, false)
#2 C:\xampp\htdocs\MS\system\Model.php(247): CodeIgniter\Database\BaseBuilder->get()
#3 C:\xampp\htdocs\MS\system\BaseModel.php(624): CodeIgniter\Model->doFirst()
#4 C:\xampp\htdocs\MS\app\Controllers\Deskapp\Login.php(29): CodeIgniter\BaseModel->first()
#5 C:\xampp\htdocs\MS\system\CodeIgniter.php(935): App\Controllers\Deskapp\Login->auth()
#6 C:\xampp\htdocs\MS\system\CodeIgniter.php(431): CodeIgniter\CodeIgniter->runController(Object(App\Controllers\Deskapp\Login))
#7 C:\xampp\htdocs\MS\system\CodeIgniter.php(332): CodeIgniter\CodeIgniter->handleRequest(NULL, Object(Config\Cache), false)
#8 C:\xampp\htdocs\MS\index.php(44): CodeIgniter\CodeIgniter->run()
#9 {main}
