CRITICAL - 2023-07-31 04:25:01 --> Call to undefined method App\Models\UserModel::dd
#0 C:\xampp\htdocs\MS\app\Controllers\Deskapp\Ui.php(160): CodeIgniter\Model->__call('dd', Array)
#1 C:\xampp\htdocs\MS\system\CodeIgniter.php(935): App\Controllers\Deskapp\Ui->cards()
#2 C:\xampp\htdocs\MS\system\CodeIgniter.php(431): CodeIgniter\CodeIgniter->runController(Object(App\Controllers\Deskapp\Ui))
#3 C:\xampp\htdocs\MS\system\CodeIgniter.php(332): CodeIgniter\CodeIgniter->handleRequest(NULL, Object(Config\Cache), false)
#4 C:\xampp\htdocs\MS\index.php(44): CodeIgniter\CodeIgniter->run()
#5 {main}
CRITICAL - 2023-07-31 04:25:27 --> Call to undefined method App\Models\UserModel::dd
#0 C:\xampp\htdocs\MS\app\Controllers\Deskapp\Ui.php(160): CodeIgniter\Model->__call('dd', Array)
#1 C:\xampp\htdocs\MS\system\CodeIgniter.php(935): App\Controllers\Deskapp\Ui->cards()
#2 C:\xampp\htdocs\MS\system\CodeIgniter.php(431): CodeIgniter\CodeIgniter->runController(Object(App\Controllers\Deskapp\Ui))
#3 C:\xampp\htdocs\MS\system\CodeIgniter.php(332): CodeIgniter\CodeIgniter->handleRequest(NULL, Object(Config\Cache), false)
#4 C:\xampp\htdocs\MS\index.php(44): CodeIgniter\CodeIgniter->run()
#5 {main}
CRITICAL - 2023-07-31 04:28:11 --> Call to undefined method App\Models\UserModel::dd
#0 C:\xampp\htdocs\MS\app\Controllers\Deskapp\Ui.php(160): CodeIgniter\Model->__call('dd', Array)
#1 C:\xampp\htdocs\MS\system\CodeIgniter.php(935): App\Controllers\Deskapp\Ui->cards()
#2 C:\xampp\htdocs\MS\system\CodeIgniter.php(431): CodeIgniter\CodeIgniter->runController(Object(App\Controllers\Deskapp\Ui))
#3 C:\xampp\htdocs\MS\system\CodeIgniter.php(332): CodeIgniter\CodeIgniter->handleRequest(NULL, Object(Config\Cache), false)
#4 C:\xampp\htdocs\MS\index.php(44): CodeIgniter\CodeIgniter->run()
#5 {main}
CRITICAL - 2023-07-31 04:29:40 --> Call to undefined method App\Models\UserModel::dd
#0 C:\xampp\htdocs\MS\app\Controllers\Deskapp\Ui.php(160): CodeIgniter\Model->__call('dd', Array)
#1 C:\xampp\htdocs\MS\system\CodeIgniter.php(935): App\Controllers\Deskapp\Ui->cards()
#2 C:\xampp\htdocs\MS\system\CodeIgniter.php(431): CodeIgniter\CodeIgniter->runController(Object(App\Controllers\Deskapp\Ui))
#3 C:\xampp\htdocs\MS\system\CodeIgniter.php(332): CodeIgniter\CodeIgniter->handleRequest(NULL, Object(Config\Cache), false)
#4 C:\xampp\htdocs\MS\index.php(44): CodeIgniter\CodeIgniter->run()
#5 {main}
CRITICAL - 2023-07-31 04:32:21 --> Call to undefined method App\Models\UserModel::dd
#0 C:\xampp\htdocs\MS\app\Controllers\Deskapp\Ui.php(160): CodeIgniter\Model->__call('dd', Array)
#1 C:\xampp\htdocs\MS\system\CodeIgniter.php(935): App\Controllers\Deskapp\Ui->cards()
#2 C:\xampp\htdocs\MS\system\CodeIgniter.php(431): CodeIgniter\CodeIgniter->runController(Object(App\Controllers\Deskapp\Ui))
#3 C:\xampp\htdocs\MS\system\CodeIgniter.php(332): CodeIgniter\CodeIgniter->handleRequest(NULL, Object(Config\Cache), false)
#4 C:\xampp\htdocs\MS\index.php(44): CodeIgniter\CodeIgniter->run()
#5 {main}
CRITICAL - 2023-07-31 04:34:09 --> Call to undefined method App\Models\UserModel::dd
#0 C:\xampp\htdocs\MS\app\Controllers\Deskapp\Ui.php(160): CodeIgniter\Model->__call('dd', Array)
#1 C:\xampp\htdocs\MS\system\CodeIgniter.php(935): App\Controllers\Deskapp\Ui->cards()
#2 C:\xampp\htdocs\MS\system\CodeIgniter.php(431): CodeIgniter\CodeIgniter->runController(Object(App\Controllers\Deskapp\Ui))
#3 C:\xampp\htdocs\MS\system\CodeIgniter.php(332): CodeIgniter\CodeIgniter->handleRequest(NULL, Object(Config\Cache), false)
#4 C:\xampp\htdocs\MS\index.php(44): CodeIgniter\CodeIgniter->run()
#5 {main}
