CRITICAL - 2023-08-06 01:36:16 --> Call to undefined method App\Models\ProjectModel::getuser
#0 C:\xampp\htdocs\MS\app\Controllers\Deskapp\Ui.php(321): CodeIgniter\Model->__call('getuser', Array)
#1 C:\xampp\htdocs\MS\system\CodeIgniter.php(935): App\Controllers\Deskapp\Ui->tooltip()
#2 C:\xampp\htdocs\MS\system\CodeIgniter.php(431): CodeIgniter\CodeIgniter->runController(Object(App\Controllers\Deskapp\Ui))
#3 C:\xampp\htdocs\MS\system\CodeIgniter.php(332): CodeIgniter\CodeIgniter->handleRequest(NULL, Object(Config\Cache), false)
#4 C:\xampp\htdocs\MS\index.php(44): CodeIgniter\CodeIgniter->run()
#5 {main}
CRITICAL - 2023-08-06 01:36:30 --> Call to undefined method App\Models\ProjectModel::getuser
#0 C:\xampp\htdocs\MS\app\Controllers\Deskapp\Ui.php(321): CodeIgniter\Model->__call('getuser', Array)
#1 C:\xampp\htdocs\MS\system\CodeIgniter.php(935): App\Controllers\Deskapp\Ui->tooltip()
#2 C:\xampp\htdocs\MS\system\CodeIgniter.php(431): CodeIgniter\CodeIgniter->runController(Object(App\Controllers\Deskapp\Ui))
#3 C:\xampp\htdocs\MS\system\CodeIgniter.php(332): CodeIgniter\CodeIgniter->handleRequest(NULL, Object(Config\Cache), false)
#4 C:\xampp\htdocs\MS\index.php(44): CodeIgniter\CodeIgniter->run()
#5 {main}
CRITICAL - 2023-08-06 01:36:50 --> Trying to access array offset on value of type null
#0 C:\xampp\htdocs\MS\app\Views\deskapp\ui\ui-tooltip-popover.php(460): CodeIgniter\Debug\Exceptions->errorHandler(2, 'Trying to acces...', 'C:\\xampp\\htdocs...', 460)
#1 C:\xampp\htdocs\MS\system\View\View.php(223): include('C:\\xampp\\htdocs...')
#2 C:\xampp\htdocs\MS\system\Common.php(1213): CodeIgniter\View\View->render('deskapp/ui/ui-t...', Array, true)
#3 C:\xampp\htdocs\MS\app\Controllers\Deskapp\Ui.php(343): view('deskapp/ui/ui-t...', Array)
#4 C:\xampp\htdocs\MS\system\CodeIgniter.php(935): App\Controllers\Deskapp\Ui->editProject('2')
#5 C:\xampp\htdocs\MS\system\CodeIgniter.php(431): CodeIgniter\CodeIgniter->runController(Object(App\Controllers\Deskapp\Ui))
#6 C:\xampp\htdocs\MS\system\CodeIgniter.php(332): CodeIgniter\CodeIgniter->handleRequest(NULL, Object(Config\Cache), false)
#7 C:\xampp\htdocs\MS\index.php(44): CodeIgniter\CodeIgniter->run()
#8 {main}
CRITICAL - 2023-08-06 01:41:14 --> Trying to access array offset on value of type null
#0 C:\xampp\htdocs\MS\app\Views\deskapp\ui\ui-tooltip-popover.php(460): CodeIgniter\Debug\Exceptions->errorHandler(2, 'Trying to acces...', 'C:\\xampp\\htdocs...', 460)
#1 C:\xampp\htdocs\MS\system\View\View.php(223): include('C:\\xampp\\htdocs...')
#2 C:\xampp\htdocs\MS\system\Common.php(1213): CodeIgniter\View\View->render('deskapp/ui/ui-t...', Array, true)
#3 C:\xampp\htdocs\MS\app\Controllers\Deskapp\Ui.php(343): view('deskapp/ui/ui-t...', Array)
#4 C:\xampp\htdocs\MS\system\CodeIgniter.php(935): App\Controllers\Deskapp\Ui->editProject('2')
#5 C:\xampp\htdocs\MS\system\CodeIgniter.php(431): CodeIgniter\CodeIgniter->runController(Object(App\Controllers\Deskapp\Ui))
#6 C:\xampp\htdocs\MS\system\CodeIgniter.php(332): CodeIgniter\CodeIgniter->handleRequest(NULL, Object(Config\Cache), false)
#7 C:\xampp\htdocs\MS\index.php(44): CodeIgniter\CodeIgniter->run()
#8 {main}
CRITICAL - 2023-08-06 01:41:21 --> Trying to access array offset on value of type null
#0 C:\xampp\htdocs\MS\app\Views\deskapp\ui\ui-tooltip-popover.php(460): CodeIgniter\Debug\Exceptions->errorHandler(2, 'Trying to acces...', 'C:\\xampp\\htdocs...', 460)
#1 C:\xampp\htdocs\MS\system\View\View.php(223): include('C:\\xampp\\htdocs...')
#2 C:\xampp\htdocs\MS\system\Common.php(1213): CodeIgniter\View\View->render('deskapp/ui/ui-t...', Array, true)
#3 C:\xampp\htdocs\MS\app\Controllers\Deskapp\Ui.php(343): view('deskapp/ui/ui-t...', Array)
#4 C:\xampp\htdocs\MS\system\CodeIgniter.php(935): App\Controllers\Deskapp\Ui->editProject('2')
#5 C:\xampp\htdocs\MS\system\CodeIgniter.php(431): CodeIgniter\CodeIgniter->runController(Object(App\Controllers\Deskapp\Ui))
#6 C:\xampp\htdocs\MS\system\CodeIgniter.php(332): CodeIgniter\CodeIgniter->handleRequest(NULL, Object(Config\Cache), false)
#7 C:\xampp\htdocs\MS\index.php(44): CodeIgniter\CodeIgniter->run()
#8 {main}
CRITICAL - 2023-08-06 01:42:29 --> Trying to access array offset on value of type null
#0 C:\xampp\htdocs\MS\app\Views\deskapp\ui\ui-tooltip-popover.php(460): CodeIgniter\Debug\Exceptions->errorHandler(2, 'Trying to acces...', 'C:\\xampp\\htdocs...', 460)
#1 C:\xampp\htdocs\MS\system\View\View.php(223): include('C:\\xampp\\htdocs...')
#2 C:\xampp\htdocs\MS\system\Common.php(1213): CodeIgniter\View\View->render('deskapp/ui/ui-t...', Array, true)
#3 C:\xampp\htdocs\MS\app\Controllers\Deskapp\Ui.php(343): view('deskapp/ui/ui-t...', Array)
#4 C:\xampp\htdocs\MS\system\CodeIgniter.php(935): App\Controllers\Deskapp\Ui->editProject('2')
#5 C:\xampp\htdocs\MS\system\CodeIgniter.php(431): CodeIgniter\CodeIgniter->runController(Object(App\Controllers\Deskapp\Ui))
#6 C:\xampp\htdocs\MS\system\CodeIgniter.php(332): CodeIgniter\CodeIgniter->handleRequest(NULL, Object(Config\Cache), false)
#7 C:\xampp\htdocs\MS\index.php(44): CodeIgniter\CodeIgniter->run()
#8 {main}
CRITICAL - 2023-08-06 01:42:38 --> Call to undefined method App\Models\ProjectModel::getuser
#0 C:\xampp\htdocs\MS\app\Controllers\Deskapp\Ui.php(321): CodeIgniter\Model->__call('getuser', Array)
#1 C:\xampp\htdocs\MS\system\CodeIgniter.php(935): App\Controllers\Deskapp\Ui->tooltip()
#2 C:\xampp\htdocs\MS\system\CodeIgniter.php(431): CodeIgniter\CodeIgniter->runController(Object(App\Controllers\Deskapp\Ui))
#3 C:\xampp\htdocs\MS\system\CodeIgniter.php(332): CodeIgniter\CodeIgniter->handleRequest(NULL, Object(Config\Cache), false)
#4 C:\xampp\htdocs\MS\index.php(44): CodeIgniter\CodeIgniter->run()
#5 {main}
