CRITICAL - 2023-08-08 01:46:51 --> Undefined variable $proname
#0 C:\xampp\htdocs\MS\app\Views\deskapp\dashboard\index.php(11537): CodeIgniter\Debug\Exceptions->errorHandler(2, 'Undefined varia...', 'C:\\xampp\\htdocs...', 11537)
#1 C:\xampp\htdocs\MS\system\View\View.php(223): include('C:\\xampp\\htdocs...')
#2 C:\xampp\htdocs\MS\system\Common.php(1213): CodeIgniter\View\View->render('deskapp/dashboa...', Array, true)
#3 C:\xampp\htdocs\MS\app\Controllers\Deskapp\Dashboard.php(30): view('deskapp/dashboa...', Array)
#4 C:\xampp\htdocs\MS\system\CodeIgniter.php(935): App\Controllers\Deskapp\Dashboard->index()
#5 C:\xampp\htdocs\MS\system\CodeIgniter.php(431): CodeIgniter\CodeIgniter->runController(Object(App\Controllers\Deskapp\Dashboard))
#6 C:\xampp\htdocs\MS\system\CodeIgniter.php(332): CodeIgniter\CodeIgniter->handleRequest(NULL, Object(Config\Cache), false)
#7 C:\xampp\htdocs\MS\index.php(44): CodeIgniter\CodeIgniter->run()
#8 {main}
CRITICAL - 2023-08-08 01:49:48 --> Undefined variable $proname
#0 C:\xampp\htdocs\MS\app\Views\deskapp\dashboard\index.php(11537): CodeIgniter\Debug\Exceptions->errorHandler(2, 'Undefined varia...', 'C:\\xampp\\htdocs...', 11537)
#1 C:\xampp\htdocs\MS\system\View\View.php(223): include('C:\\xampp\\htdocs...')
#2 C:\xampp\htdocs\MS\system\Common.php(1213): CodeIgniter\View\View->render('deskapp/dashboa...', Array, true)
#3 C:\xampp\htdocs\MS\app\Controllers\Deskapp\Dashboard.php(30): view('deskapp/dashboa...', Array)
#4 C:\xampp\htdocs\MS\system\CodeIgniter.php(935): App\Controllers\Deskapp\Dashboard->index()
#5 C:\xampp\htdocs\MS\system\CodeIgniter.php(431): CodeIgniter\CodeIgniter->runController(Object(App\Controllers\Deskapp\Dashboard))
#6 C:\xampp\htdocs\MS\system\CodeIgniter.php(332): CodeIgniter\CodeIgniter->handleRequest(NULL, Object(Config\Cache), false)
#7 C:\xampp\htdocs\MS\index.php(44): CodeIgniter\CodeIgniter->run()
#8 {main}
CRITICAL - 2023-08-08 02:23:16 --> Undefined variable $procode
#0 C:\xampp\htdocs\MS\app\Views\deskapp\dashboard\index.php(11543): CodeIgniter\Debug\Exceptions->errorHandler(2, 'Undefined varia...', 'C:\\xampp\\htdocs...', 11543)
#1 C:\xampp\htdocs\MS\system\View\View.php(223): include('C:\\xampp\\htdocs...')
#2 C:\xampp\htdocs\MS\system\Common.php(1213): CodeIgniter\View\View->render('deskapp/dashboa...', Array, true)
#3 C:\xampp\htdocs\MS\app\Controllers\Deskapp\Dashboard.php(33): view('deskapp/dashboa...', Array)
#4 C:\xampp\htdocs\MS\system\CodeIgniter.php(935): App\Controllers\Deskapp\Dashboard->index()
#5 C:\xampp\htdocs\MS\system\CodeIgniter.php(431): CodeIgniter\CodeIgniter->runController(Object(App\Controllers\Deskapp\Dashboard))
#6 C:\xampp\htdocs\MS\system\CodeIgniter.php(332): CodeIgniter\CodeIgniter->handleRequest(NULL, Object(Config\Cache), false)
#7 C:\xampp\htdocs\MS\index.php(44): CodeIgniter\CodeIgniter->run()
#8 {main}
CRITICAL - 2023-08-08 02:23:19 --> Undefined variable $procode
#0 C:\xampp\htdocs\MS\app\Views\deskapp\dashboard\index.php(11543): CodeIgniter\Debug\Exceptions->errorHandler(2, 'Undefined varia...', 'C:\\xampp\\htdocs...', 11543)
#1 C:\xampp\htdocs\MS\system\View\View.php(223): include('C:\\xampp\\htdocs...')
#2 C:\xampp\htdocs\MS\system\Common.php(1213): CodeIgniter\View\View->render('deskapp/dashboa...', Array, true)
#3 C:\xampp\htdocs\MS\app\Controllers\Deskapp\Dashboard.php(33): view('deskapp/dashboa...', Array)
#4 C:\xampp\htdocs\MS\system\CodeIgniter.php(935): App\Controllers\Deskapp\Dashboard->index()
#5 C:\xampp\htdocs\MS\system\CodeIgniter.php(431): CodeIgniter\CodeIgniter->runController(Object(App\Controllers\Deskapp\Dashboard))
#6 C:\xampp\htdocs\MS\system\CodeIgniter.php(332): CodeIgniter\CodeIgniter->handleRequest(NULL, Object(Config\Cache), false)
#7 C:\xampp\htdocs\MS\index.php(44): CodeIgniter\CodeIgniter->run()
#8 {main}
CRITICAL - 2023-08-08 02:24:14 --> Undefined variable $procode
#0 C:\xampp\htdocs\MS\app\Views\deskapp\dashboard\index.php(11543): CodeIgniter\Debug\Exceptions->errorHandler(2, 'Undefined varia...', 'C:\\xampp\\htdocs...', 11543)
#1 C:\xampp\htdocs\MS\system\View\View.php(223): include('C:\\xampp\\htdocs...')
#2 C:\xampp\htdocs\MS\system\Common.php(1213): CodeIgniter\View\View->render('deskapp/dashboa...', Array, true)
#3 C:\xampp\htdocs\MS\app\Controllers\Deskapp\Dashboard.php(33): view('deskapp/dashboa...', Array)
#4 C:\xampp\htdocs\MS\system\CodeIgniter.php(935): App\Controllers\Deskapp\Dashboard->index()
#5 C:\xampp\htdocs\MS\system\CodeIgniter.php(431): CodeIgniter\CodeIgniter->runController(Object(App\Controllers\Deskapp\Dashboard))
#6 C:\xampp\htdocs\MS\system\CodeIgniter.php(332): CodeIgniter\CodeIgniter->handleRequest(NULL, Object(Config\Cache), false)
#7 C:\xampp\htdocs\MS\index.php(44): CodeIgniter\CodeIgniter->run()
#8 {main}
CRITICAL - 2023-08-08 02:27:35 --> Undefined variable $procode
#0 C:\xampp\htdocs\MS\app\Views\deskapp\dashboard\index.php(11543): CodeIgniter\Debug\Exceptions->errorHandler(2, 'Undefined varia...', 'C:\\xampp\\htdocs...', 11543)
#1 C:\xampp\htdocs\MS\system\View\View.php(223): include('C:\\xampp\\htdocs...')
#2 C:\xampp\htdocs\MS\system\Common.php(1213): CodeIgniter\View\View->render('deskapp/dashboa...', Array, true)
#3 C:\xampp\htdocs\MS\app\Controllers\Deskapp\Dashboard.php(34): view('deskapp/dashboa...', Array)
#4 C:\xampp\htdocs\MS\system\CodeIgniter.php(935): App\Controllers\Deskapp\Dashboard->index()
#5 C:\xampp\htdocs\MS\system\CodeIgniter.php(431): CodeIgniter\CodeIgniter->runController(Object(App\Controllers\Deskapp\Dashboard))
#6 C:\xampp\htdocs\MS\system\CodeIgniter.php(332): CodeIgniter\CodeIgniter->handleRequest(NULL, Object(Config\Cache), false)
#7 C:\xampp\htdocs\MS\index.php(44): CodeIgniter\CodeIgniter->run()
#8 {main}
CRITICAL - 2023-08-08 02:27:37 --> Undefined variable $procode
#0 C:\xampp\htdocs\MS\app\Views\deskapp\dashboard\index.php(11543): CodeIgniter\Debug\Exceptions->errorHandler(2, 'Undefined varia...', 'C:\\xampp\\htdocs...', 11543)
#1 C:\xampp\htdocs\MS\system\View\View.php(223): include('C:\\xampp\\htdocs...')
#2 C:\xampp\htdocs\MS\system\Common.php(1213): CodeIgniter\View\View->render('deskapp/dashboa...', Array, true)
#3 C:\xampp\htdocs\MS\app\Controllers\Deskapp\Dashboard.php(34): view('deskapp/dashboa...', Array)
#4 C:\xampp\htdocs\MS\system\CodeIgniter.php(935): App\Controllers\Deskapp\Dashboard->index()
#5 C:\xampp\htdocs\MS\system\CodeIgniter.php(431): CodeIgniter\CodeIgniter->runController(Object(App\Controllers\Deskapp\Dashboard))
#6 C:\xampp\htdocs\MS\system\CodeIgniter.php(332): CodeIgniter\CodeIgniter->handleRequest(NULL, Object(Config\Cache), false)
#7 C:\xampp\htdocs\MS\index.php(44): CodeIgniter\CodeIgniter->run()
#8 {main}
CRITICAL - 2023-08-08 02:54:16 --> Undefined variable $procode
#0 C:\xampp\htdocs\MS\app\Views\deskapp\dashboard\index.php(11543): CodeIgniter\Debug\Exceptions->errorHandler(2, 'Undefined varia...', 'C:\\xampp\\htdocs...', 11543)
#1 C:\xampp\htdocs\MS\system\View\View.php(223): include('C:\\xampp\\htdocs...')
#2 C:\xampp\htdocs\MS\system\Common.php(1213): CodeIgniter\View\View->render('deskapp/dashboa...', Array, true)
#3 C:\xampp\htdocs\MS\app\Controllers\Deskapp\Dashboard.php(34): view('deskapp/dashboa...', Array)
#4 C:\xampp\htdocs\MS\system\CodeIgniter.php(935): App\Controllers\Deskapp\Dashboard->index()
#5 C:\xampp\htdocs\MS\system\CodeIgniter.php(431): CodeIgniter\CodeIgniter->runController(Object(App\Controllers\Deskapp\Dashboard))
#6 C:\xampp\htdocs\MS\system\CodeIgniter.php(332): CodeIgniter\CodeIgniter->handleRequest(NULL, Object(Config\Cache), false)
#7 C:\xampp\htdocs\MS\index.php(44): CodeIgniter\CodeIgniter->run()
#8 {main}
CRITICAL - 2023-08-08 02:55:57 --> Undefined variable $procode
#0 C:\xampp\htdocs\MS\app\Views\deskapp\dashboard\index.php(11543): CodeIgniter\Debug\Exceptions->errorHandler(2, 'Undefined varia...', 'C:\\xampp\\htdocs...', 11543)
#1 C:\xampp\htdocs\MS\system\View\View.php(223): include('C:\\xampp\\htdocs...')
#2 C:\xampp\htdocs\MS\system\Common.php(1213): CodeIgniter\View\View->render('deskapp/dashboa...', Array, true)
#3 C:\xampp\htdocs\MS\app\Controllers\Deskapp\Dashboard.php(34): view('deskapp/dashboa...', Array)
#4 C:\xampp\htdocs\MS\system\CodeIgniter.php(935): App\Controllers\Deskapp\Dashboard->index()
#5 C:\xampp\htdocs\MS\system\CodeIgniter.php(431): CodeIgniter\CodeIgniter->runController(Object(App\Controllers\Deskapp\Dashboard))
#6 C:\xampp\htdocs\MS\system\CodeIgniter.php(332): CodeIgniter\CodeIgniter->handleRequest(NULL, Object(Config\Cache), false)
#7 C:\xampp\htdocs\MS\index.php(44): CodeIgniter\CodeIgniter->run()
#8 {main}
CRITICAL - 2023-08-08 02:55:58 --> Undefined variable $procode
#0 C:\xampp\htdocs\MS\app\Views\deskapp\dashboard\index.php(11543): CodeIgniter\Debug\Exceptions->errorHandler(2, 'Undefined varia...', 'C:\\xampp\\htdocs...', 11543)
#1 C:\xampp\htdocs\MS\system\View\View.php(223): include('C:\\xampp\\htdocs...')
#2 C:\xampp\htdocs\MS\system\Common.php(1213): CodeIgniter\View\View->render('deskapp/dashboa...', Array, true)
#3 C:\xampp\htdocs\MS\app\Controllers\Deskapp\Dashboard.php(34): view('deskapp/dashboa...', Array)
#4 C:\xampp\htdocs\MS\system\CodeIgniter.php(935): App\Controllers\Deskapp\Dashboard->index()
#5 C:\xampp\htdocs\MS\system\CodeIgniter.php(431): CodeIgniter\CodeIgniter->runController(Object(App\Controllers\Deskapp\Dashboard))
#6 C:\xampp\htdocs\MS\system\CodeIgniter.php(332): CodeIgniter\CodeIgniter->handleRequest(NULL, Object(Config\Cache), false)
#7 C:\xampp\htdocs\MS\index.php(44): CodeIgniter\CodeIgniter->run()
#8 {main}
CRITICAL - 2023-08-08 02:56:39 --> Undefined variable $procode
#0 C:\xampp\htdocs\MS\app\Views\deskapp\dashboard\index.php(11542): CodeIgniter\Debug\Exceptions->errorHandler(2, 'Undefined varia...', 'C:\\xampp\\htdocs...', 11542)
#1 C:\xampp\htdocs\MS\system\View\View.php(223): include('C:\\xampp\\htdocs...')
#2 C:\xampp\htdocs\MS\system\Common.php(1213): CodeIgniter\View\View->render('deskapp/dashboa...', Array, true)
#3 C:\xampp\htdocs\MS\app\Controllers\Deskapp\Dashboard.php(34): view('deskapp/dashboa...', Array)
#4 C:\xampp\htdocs\MS\system\CodeIgniter.php(935): App\Controllers\Deskapp\Dashboard->index()
#5 C:\xampp\htdocs\MS\system\CodeIgniter.php(431): CodeIgniter\CodeIgniter->runController(Object(App\Controllers\Deskapp\Dashboard))
#6 C:\xampp\htdocs\MS\system\CodeIgniter.php(332): CodeIgniter\CodeIgniter->handleRequest(NULL, Object(Config\Cache), false)
#7 C:\xampp\htdocs\MS\index.php(44): CodeIgniter\CodeIgniter->run()
#8 {main}
CRITICAL - 2023-08-08 02:57:49 --> Undefined variable $procode
#0 C:\xampp\htdocs\MS\app\Views\deskapp\dashboard\index.php(11542): CodeIgniter\Debug\Exceptions->errorHandler(2, 'Undefined varia...', 'C:\\xampp\\htdocs...', 11542)
#1 C:\xampp\htdocs\MS\system\View\View.php(223): include('C:\\xampp\\htdocs...')
#2 C:\xampp\htdocs\MS\system\Common.php(1213): CodeIgniter\View\View->render('deskapp/dashboa...', Array, true)
#3 C:\xampp\htdocs\MS\app\Controllers\Deskapp\Dashboard.php(34): view('deskapp/dashboa...', Array)
#4 C:\xampp\htdocs\MS\system\CodeIgniter.php(935): App\Controllers\Deskapp\Dashboard->index()
#5 C:\xampp\htdocs\MS\system\CodeIgniter.php(431): CodeIgniter\CodeIgniter->runController(Object(App\Controllers\Deskapp\Dashboard))
#6 C:\xampp\htdocs\MS\system\CodeIgniter.php(332): CodeIgniter\CodeIgniter->handleRequest(NULL, Object(Config\Cache), false)
#7 C:\xampp\htdocs\MS\index.php(44): CodeIgniter\CodeIgniter->run()
#8 {main}
CRITICAL - 2023-08-08 02:57:51 --> Undefined variable $procode
#0 C:\xampp\htdocs\MS\app\Views\deskapp\dashboard\index.php(11542): CodeIgniter\Debug\Exceptions->errorHandler(2, 'Undefined varia...', 'C:\\xampp\\htdocs...', 11542)
#1 C:\xampp\htdocs\MS\system\View\View.php(223): include('C:\\xampp\\htdocs...')
#2 C:\xampp\htdocs\MS\system\Common.php(1213): CodeIgniter\View\View->render('deskapp/dashboa...', Array, true)
#3 C:\xampp\htdocs\MS\app\Controllers\Deskapp\Dashboard.php(34): view('deskapp/dashboa...', Array)
#4 C:\xampp\htdocs\MS\system\CodeIgniter.php(935): App\Controllers\Deskapp\Dashboard->index()
#5 C:\xampp\htdocs\MS\system\CodeIgniter.php(431): CodeIgniter\CodeIgniter->runController(Object(App\Controllers\Deskapp\Dashboard))
#6 C:\xampp\htdocs\MS\system\CodeIgniter.php(332): CodeIgniter\CodeIgniter->handleRequest(NULL, Object(Config\Cache), false)
#7 C:\xampp\htdocs\MS\index.php(44): CodeIgniter\CodeIgniter->run()
#8 {main}
CRITICAL - 2023-08-08 02:59:43 --> Undefined variable $procode
#0 C:\xampp\htdocs\MS\app\Views\deskapp\dashboard\index.php(11542): CodeIgniter\Debug\Exceptions->errorHandler(2, 'Undefined varia...', 'C:\\xampp\\htdocs...', 11542)
#1 C:\xampp\htdocs\MS\system\View\View.php(223): include('C:\\xampp\\htdocs...')
#2 C:\xampp\htdocs\MS\system\Common.php(1213): CodeIgniter\View\View->render('deskapp/dashboa...', Array, true)
#3 C:\xampp\htdocs\MS\app\Controllers\Deskapp\Dashboard.php(34): view('deskapp/dashboa...', Array)
#4 C:\xampp\htdocs\MS\system\CodeIgniter.php(935): App\Controllers\Deskapp\Dashboard->index()
#5 C:\xampp\htdocs\MS\system\CodeIgniter.php(431): CodeIgniter\CodeIgniter->runController(Object(App\Controllers\Deskapp\Dashboard))
#6 C:\xampp\htdocs\MS\system\CodeIgniter.php(332): CodeIgniter\CodeIgniter->handleRequest(NULL, Object(Config\Cache), false)
#7 C:\xampp\htdocs\MS\index.php(44): CodeIgniter\CodeIgniter->run()
#8 {main}
CRITICAL - 2023-08-08 03:01:42 --> Undefined variable $names
#0 C:\xampp\htdocs\MS\app\Views\deskapp\ui\ui-cards.php(2276): CodeIgniter\Debug\Exceptions->errorHandler(2, 'Undefined varia...', 'C:\\xampp\\htdocs...', 2276)
#1 C:\xampp\htdocs\MS\system\View\View.php(223): include('C:\\xampp\\htdocs...')
#2 C:\xampp\htdocs\MS\system\Common.php(1213): CodeIgniter\View\View->render('deskapp/Ui/ui-c...', Array, true)
#3 C:\xampp\htdocs\MS\app\Controllers\Deskapp\Ui.php(239): view('deskapp/Ui/ui-c...', Array)
#4 C:\xampp\htdocs\MS\system\CodeIgniter.php(935): App\Controllers\Deskapp\Ui->save()
#5 C:\xampp\htdocs\MS\system\CodeIgniter.php(431): CodeIgniter\CodeIgniter->runController(Object(App\Controllers\Deskapp\Ui))
#6 C:\xampp\htdocs\MS\system\CodeIgniter.php(332): CodeIgniter\CodeIgniter->handleRequest(NULL, Object(Config\Cache), false)
#7 C:\xampp\htdocs\MS\index.php(44): CodeIgniter\CodeIgniter->run()
#8 {main}
CRITICAL - 2023-08-08 03:52:32 --> Undefined variable $procode
#0 C:\xampp\htdocs\MS\app\Views\deskapp\dashboard\index.php(11543): CodeIgniter\Debug\Exceptions->errorHandler(2, 'Undefined varia...', 'C:\\xampp\\htdocs...', 11543)
#1 C:\xampp\htdocs\MS\system\View\View.php(223): include('C:\\xampp\\htdocs...')
#2 C:\xampp\htdocs\MS\system\Common.php(1213): CodeIgniter\View\View->render('deskapp/dashboa...', Array, true)
#3 C:\xampp\htdocs\MS\app\Controllers\Deskapp\Dashboard.php(35): view('deskapp/dashboa...', Array)
#4 C:\xampp\htdocs\MS\system\CodeIgniter.php(935): App\Controllers\Deskapp\Dashboard->index()
#5 C:\xampp\htdocs\MS\system\CodeIgniter.php(431): CodeIgniter\CodeIgniter->runController(Object(App\Controllers\Deskapp\Dashboard))
#6 C:\xampp\htdocs\MS\system\CodeIgniter.php(332): CodeIgniter\CodeIgniter->handleRequest(NULL, Object(Config\Cache), false)
#7 C:\xampp\htdocs\MS\index.php(44): CodeIgniter\CodeIgniter->run()
#8 {main}
CRITICAL - 2023-08-08 03:52:33 --> Undefined variable $procode
#0 C:\xampp\htdocs\MS\app\Views\deskapp\dashboard\index.php(11543): CodeIgniter\Debug\Exceptions->errorHandler(2, 'Undefined varia...', 'C:\\xampp\\htdocs...', 11543)
#1 C:\xampp\htdocs\MS\system\View\View.php(223): include('C:\\xampp\\htdocs...')
#2 C:\xampp\htdocs\MS\system\Common.php(1213): CodeIgniter\View\View->render('deskapp/dashboa...', Array, true)
#3 C:\xampp\htdocs\MS\app\Controllers\Deskapp\Dashboard.php(35): view('deskapp/dashboa...', Array)
#4 C:\xampp\htdocs\MS\system\CodeIgniter.php(935): App\Controllers\Deskapp\Dashboard->index()
#5 C:\xampp\htdocs\MS\system\CodeIgniter.php(431): CodeIgniter\CodeIgniter->runController(Object(App\Controllers\Deskapp\Dashboard))
#6 C:\xampp\htdocs\MS\system\CodeIgniter.php(332): CodeIgniter\CodeIgniter->handleRequest(NULL, Object(Config\Cache), false)
#7 C:\xampp\htdocs\MS\index.php(44): CodeIgniter\CodeIgniter->run()
#8 {main}
CRITICAL - 2023-08-08 04:21:40 --> Undefined variable $procode
#0 C:\xampp\htdocs\MS\app\Views\deskapp\dashboard\index.php(11543): CodeIgniter\Debug\Exceptions->errorHandler(2, 'Undefined varia...', 'C:\\xampp\\htdocs...', 11543)
#1 C:\xampp\htdocs\MS\system\View\View.php(223): include('C:\\xampp\\htdocs...')
#2 C:\xampp\htdocs\MS\system\Common.php(1213): CodeIgniter\View\View->render('deskapp/dashboa...', Array, true)
#3 C:\xampp\htdocs\MS\app\Controllers\Deskapp\Dashboard.php(35): view('deskapp/dashboa...', Array)
#4 C:\xampp\htdocs\MS\system\CodeIgniter.php(935): App\Controllers\Deskapp\Dashboard->index()
#5 C:\xampp\htdocs\MS\system\CodeIgniter.php(431): CodeIgniter\CodeIgniter->runController(Object(App\Controllers\Deskapp\Dashboard))
#6 C:\xampp\htdocs\MS\system\CodeIgniter.php(332): CodeIgniter\CodeIgniter->handleRequest(NULL, Object(Config\Cache), false)
#7 C:\xampp\htdocs\MS\index.php(44): CodeIgniter\CodeIgniter->run()
#8 {main}
CRITICAL - 2023-08-08 04:21:43 --> Undefined variable $procode
#0 C:\xampp\htdocs\MS\app\Views\deskapp\dashboard\index.php(11543): CodeIgniter\Debug\Exceptions->errorHandler(2, 'Undefined varia...', 'C:\\xampp\\htdocs...', 11543)
#1 C:\xampp\htdocs\MS\system\View\View.php(223): include('C:\\xampp\\htdocs...')
#2 C:\xampp\htdocs\MS\system\Common.php(1213): CodeIgniter\View\View->render('deskapp/dashboa...', Array, true)
#3 C:\xampp\htdocs\MS\app\Controllers\Deskapp\Dashboard.php(35): view('deskapp/dashboa...', Array)
#4 C:\xampp\htdocs\MS\system\CodeIgniter.php(935): App\Controllers\Deskapp\Dashboard->index()
#5 C:\xampp\htdocs\MS\system\CodeIgniter.php(431): CodeIgniter\CodeIgniter->runController(Object(App\Controllers\Deskapp\Dashboard))
#6 C:\xampp\htdocs\MS\system\CodeIgniter.php(332): CodeIgniter\CodeIgniter->handleRequest(NULL, Object(Config\Cache), false)
#7 C:\xampp\htdocs\MS\index.php(44): CodeIgniter\CodeIgniter->run()
#8 {main}
CRITICAL - 2023-08-08 04:21:48 --> Undefined variable $procode
#0 C:\xampp\htdocs\MS\app\Views\deskapp\dashboard\index.php(11543): CodeIgniter\Debug\Exceptions->errorHandler(2, 'Undefined varia...', 'C:\\xampp\\htdocs...', 11543)
#1 C:\xampp\htdocs\MS\system\View\View.php(223): include('C:\\xampp\\htdocs...')
#2 C:\xampp\htdocs\MS\system\Common.php(1213): CodeIgniter\View\View->render('deskapp/dashboa...', Array, true)
#3 C:\xampp\htdocs\MS\app\Controllers\Deskapp\Dashboard.php(35): view('deskapp/dashboa...', Array)
#4 C:\xampp\htdocs\MS\system\CodeIgniter.php(935): App\Controllers\Deskapp\Dashboard->index()
#5 C:\xampp\htdocs\MS\system\CodeIgniter.php(431): CodeIgniter\CodeIgniter->runController(Object(App\Controllers\Deskapp\Dashboard))
#6 C:\xampp\htdocs\MS\system\CodeIgniter.php(332): CodeIgniter\CodeIgniter->handleRequest(NULL, Object(Config\Cache), false)
#7 C:\xampp\htdocs\MS\index.php(44): CodeIgniter\CodeIgniter->run()
#8 {main}
CRITICAL - 2023-08-08 05:14:14 --> Undefined variable $procode
#0 C:\xampp\htdocs\MS\app\Views\deskapp\dashboard\index.php(11543): CodeIgniter\Debug\Exceptions->errorHandler(2, 'Undefined varia...', 'C:\\xampp\\htdocs...', 11543)
#1 C:\xampp\htdocs\MS\system\View\View.php(223): include('C:\\xampp\\htdocs...')
#2 C:\xampp\htdocs\MS\system\Common.php(1213): CodeIgniter\View\View->render('deskapp/dashboa...', Array, true)
#3 C:\xampp\htdocs\MS\app\Controllers\Deskapp\Dashboard.php(35): view('deskapp/dashboa...', Array)
#4 C:\xampp\htdocs\MS\system\CodeIgniter.php(935): App\Controllers\Deskapp\Dashboard->index()
#5 C:\xampp\htdocs\MS\system\CodeIgniter.php(431): CodeIgniter\CodeIgniter->runController(Object(App\Controllers\Deskapp\Dashboard))
#6 C:\xampp\htdocs\MS\system\CodeIgniter.php(332): CodeIgniter\CodeIgniter->handleRequest(NULL, Object(Config\Cache), false)
#7 C:\xampp\htdocs\MS\index.php(44): CodeIgniter\CodeIgniter->run()
#8 {main}
CRITICAL - 2023-08-08 05:14:28 --> Undefined variable $procode
#0 C:\xampp\htdocs\MS\app\Views\deskapp\dashboard\index.php(11543): CodeIgniter\Debug\Exceptions->errorHandler(2, 'Undefined varia...', 'C:\\xampp\\htdocs...', 11543)
#1 C:\xampp\htdocs\MS\system\View\View.php(223): include('C:\\xampp\\htdocs...')
#2 C:\xampp\htdocs\MS\system\Common.php(1213): CodeIgniter\View\View->render('deskapp/dashboa...', Array, true)
#3 C:\xampp\htdocs\MS\app\Controllers\Deskapp\Dashboard.php(35): view('deskapp/dashboa...', Array)
#4 C:\xampp\htdocs\MS\system\CodeIgniter.php(935): App\Controllers\Deskapp\Dashboard->index()
#5 C:\xampp\htdocs\MS\system\CodeIgniter.php(431): CodeIgniter\CodeIgniter->runController(Object(App\Controllers\Deskapp\Dashboard))
#6 C:\xampp\htdocs\MS\system\CodeIgniter.php(332): CodeIgniter\CodeIgniter->handleRequest(NULL, Object(Config\Cache), false)
#7 C:\xampp\htdocs\MS\index.php(44): CodeIgniter\CodeIgniter->run()
#8 {main}
CRITICAL - 2023-08-08 05:15:58 --> Undefined variable $procode
#0 C:\xampp\htdocs\MS\app\Views\deskapp\dashboard\index.php(11543): CodeIgniter\Debug\Exceptions->errorHandler(2, 'Undefined varia...', 'C:\\xampp\\htdocs...', 11543)
#1 C:\xampp\htdocs\MS\system\View\View.php(223): include('C:\\xampp\\htdocs...')
#2 C:\xampp\htdocs\MS\system\Common.php(1213): CodeIgniter\View\View->render('deskapp/dashboa...', Array, true)
#3 C:\xampp\htdocs\MS\app\Controllers\Deskapp\Dashboard.php(35): view('deskapp/dashboa...', Array)
#4 C:\xampp\htdocs\MS\system\CodeIgniter.php(935): App\Controllers\Deskapp\Dashboard->index()
#5 C:\xampp\htdocs\MS\system\CodeIgniter.php(431): CodeIgniter\CodeIgniter->runController(Object(App\Controllers\Deskapp\Dashboard))
#6 C:\xampp\htdocs\MS\system\CodeIgniter.php(332): CodeIgniter\CodeIgniter->handleRequest(NULL, Object(Config\Cache), false)
#7 C:\xampp\htdocs\MS\index.php(44): CodeIgniter\CodeIgniter->run()
#8 {main}
CRITICAL - 2023-08-08 05:27:52 --> Array to string conversion
#0 C:\xampp\htdocs\MS\app\Views\deskapp\dashboard\index.php(11544): CodeIgniter\Debug\Exceptions->errorHandler(2, 'Array to string...', 'C:\\xampp\\htdocs...', 11544)
#1 C:\xampp\htdocs\MS\system\View\View.php(223): include('C:\\xampp\\htdocs...')
#2 C:\xampp\htdocs\MS\system\Common.php(1213): CodeIgniter\View\View->render('deskapp/dashboa...', Array, true)
#3 C:\xampp\htdocs\MS\app\Controllers\Deskapp\Dashboard.php(35): view('deskapp/dashboa...', Array)
#4 C:\xampp\htdocs\MS\system\CodeIgniter.php(935): App\Controllers\Deskapp\Dashboard->index()
#5 C:\xampp\htdocs\MS\system\CodeIgniter.php(431): CodeIgniter\CodeIgniter->runController(Object(App\Controllers\Deskapp\Dashboard))
#6 C:\xampp\htdocs\MS\system\CodeIgniter.php(332): CodeIgniter\CodeIgniter->handleRequest(NULL, Object(Config\Cache), false)
#7 C:\xampp\htdocs\MS\index.php(44): CodeIgniter\CodeIgniter->run()
#8 {main}
CRITICAL - 2023-08-08 05:55:19 --> Array to string conversion
#0 C:\xampp\htdocs\MS\app\Views\deskapp\dashboard\index.php(11538): CodeIgniter\Debug\Exceptions->errorHandler(2, 'Array to string...', 'C:\\xampp\\htdocs...', 11538)
#1 C:\xampp\htdocs\MS\system\View\View.php(223): include('C:\\xampp\\htdocs...')
#2 C:\xampp\htdocs\MS\system\Common.php(1213): CodeIgniter\View\View->render('deskapp/dashboa...', Array, true)
#3 C:\xampp\htdocs\MS\app\Controllers\Deskapp\Dashboard.php(35): view('deskapp/dashboa...', Array)
#4 C:\xampp\htdocs\MS\system\CodeIgniter.php(935): App\Controllers\Deskapp\Dashboard->index()
#5 C:\xampp\htdocs\MS\system\CodeIgniter.php(431): CodeIgniter\CodeIgniter->runController(Object(App\Controllers\Deskapp\Dashboard))
#6 C:\xampp\htdocs\MS\system\CodeIgniter.php(332): CodeIgniter\CodeIgniter->handleRequest(NULL, Object(Config\Cache), false)
#7 C:\xampp\htdocs\MS\index.php(44): CodeIgniter\CodeIgniter->run()
#8 {main}
CRITICAL - 2023-08-08 05:55:21 --> Array to string conversion
#0 C:\xampp\htdocs\MS\app\Views\deskapp\dashboard\index.php(11538): CodeIgniter\Debug\Exceptions->errorHandler(2, 'Array to string...', 'C:\\xampp\\htdocs...', 11538)
#1 C:\xampp\htdocs\MS\system\View\View.php(223): include('C:\\xampp\\htdocs...')
#2 C:\xampp\htdocs\MS\system\Common.php(1213): CodeIgniter\View\View->render('deskapp/dashboa...', Array, true)
#3 C:\xampp\htdocs\MS\app\Controllers\Deskapp\Dashboard.php(35): view('deskapp/dashboa...', Array)
#4 C:\xampp\htdocs\MS\system\CodeIgniter.php(935): App\Controllers\Deskapp\Dashboard->index()
#5 C:\xampp\htdocs\MS\system\CodeIgniter.php(431): CodeIgniter\CodeIgniter->runController(Object(App\Controllers\Deskapp\Dashboard))
#6 C:\xampp\htdocs\MS\system\CodeIgniter.php(332): CodeIgniter\CodeIgniter->handleRequest(NULL, Object(Config\Cache), false)
#7 C:\xampp\htdocs\MS\index.php(44): CodeIgniter\CodeIgniter->run()
#8 {main}
CRITICAL - 2023-08-08 05:55:49 --> Array to string conversion
#0 C:\xampp\htdocs\MS\app\Views\deskapp\dashboard\index.php(11538): CodeIgniter\Debug\Exceptions->errorHandler(2, 'Array to string...', 'C:\\xampp\\htdocs...', 11538)
#1 C:\xampp\htdocs\MS\system\View\View.php(223): include('C:\\xampp\\htdocs...')
#2 C:\xampp\htdocs\MS\system\Common.php(1213): CodeIgniter\View\View->render('deskapp/dashboa...', Array, true)
#3 C:\xampp\htdocs\MS\app\Controllers\Deskapp\Dashboard.php(36): view('deskapp/dashboa...', Array)
#4 C:\xampp\htdocs\MS\system\CodeIgniter.php(935): App\Controllers\Deskapp\Dashboard->index()
#5 C:\xampp\htdocs\MS\system\CodeIgniter.php(431): CodeIgniter\CodeIgniter->runController(Object(App\Controllers\Deskapp\Dashboard))
#6 C:\xampp\htdocs\MS\system\CodeIgniter.php(332): CodeIgniter\CodeIgniter->handleRequest(NULL, Object(Config\Cache), false)
#7 C:\xampp\htdocs\MS\index.php(44): CodeIgniter\CodeIgniter->run()
#8 {main}
CRITICAL - 2023-08-08 07:42:08 --> Array to string conversion
#0 C:\xampp\htdocs\MS\app\Views\deskapp\dashboard\index.php(11538): CodeIgniter\Debug\Exceptions->errorHandler(2, 'Array to string...', 'C:\\xampp\\htdocs...', 11538)
#1 C:\xampp\htdocs\MS\system\View\View.php(223): include('C:\\xampp\\htdocs...')
#2 C:\xampp\htdocs\MS\system\Common.php(1213): CodeIgniter\View\View->render('deskapp/dashboa...', Array, true)
#3 C:\xampp\htdocs\MS\app\Controllers\Deskapp\Dashboard.php(36): view('deskapp/dashboa...', Array)
#4 C:\xampp\htdocs\MS\system\CodeIgniter.php(935): App\Controllers\Deskapp\Dashboard->index()
#5 C:\xampp\htdocs\MS\system\CodeIgniter.php(431): CodeIgniter\CodeIgniter->runController(Object(App\Controllers\Deskapp\Dashboard))
#6 C:\xampp\htdocs\MS\system\CodeIgniter.php(332): CodeIgniter\CodeIgniter->handleRequest(NULL, Object(Config\Cache), false)
#7 C:\xampp\htdocs\MS\index.php(44): CodeIgniter\CodeIgniter->run()
#8 {main}
CRITICAL - 2023-08-08 07:42:10 --> Array to string conversion
#0 C:\xampp\htdocs\MS\app\Views\deskapp\dashboard\index.php(11538): CodeIgniter\Debug\Exceptions->errorHandler(2, 'Array to string...', 'C:\\xampp\\htdocs...', 11538)
#1 C:\xampp\htdocs\MS\system\View\View.php(223): include('C:\\xampp\\htdocs...')
#2 C:\xampp\htdocs\MS\system\Common.php(1213): CodeIgniter\View\View->render('deskapp/dashboa...', Array, true)
#3 C:\xampp\htdocs\MS\app\Controllers\Deskapp\Dashboard.php(36): view('deskapp/dashboa...', Array)
#4 C:\xampp\htdocs\MS\system\CodeIgniter.php(935): App\Controllers\Deskapp\Dashboard->index()
#5 C:\xampp\htdocs\MS\system\CodeIgniter.php(431): CodeIgniter\CodeIgniter->runController(Object(App\Controllers\Deskapp\Dashboard))
#6 C:\xampp\htdocs\MS\system\CodeIgniter.php(332): CodeIgniter\CodeIgniter->handleRequest(NULL, Object(Config\Cache), false)
#7 C:\xampp\htdocs\MS\index.php(44): CodeIgniter\CodeIgniter->run()
#8 {main}
CRITICAL - 2023-08-08 07:45:01 --> Array to string conversion
#0 C:\xampp\htdocs\MS\app\Views\deskapp\dashboard\index.php(11538): CodeIgniter\Debug\Exceptions->errorHandler(2, 'Array to string...', 'C:\\xampp\\htdocs...', 11538)
#1 C:\xampp\htdocs\MS\system\View\View.php(223): include('C:\\xampp\\htdocs...')
#2 C:\xampp\htdocs\MS\system\Common.php(1213): CodeIgniter\View\View->render('deskapp/dashboa...', Array, true)
#3 C:\xampp\htdocs\MS\app\Controllers\Deskapp\Dashboard.php(36): view('deskapp/dashboa...', Array)
#4 C:\xampp\htdocs\MS\system\CodeIgniter.php(935): App\Controllers\Deskapp\Dashboard->index()
#5 C:\xampp\htdocs\MS\system\CodeIgniter.php(431): CodeIgniter\CodeIgniter->runController(Object(App\Controllers\Deskapp\Dashboard))
#6 C:\xampp\htdocs\MS\system\CodeIgniter.php(332): CodeIgniter\CodeIgniter->handleRequest(NULL, Object(Config\Cache), false)
#7 C:\xampp\htdocs\MS\index.php(44): CodeIgniter\CodeIgniter->run()
#8 {main}
CRITICAL - 2023-08-08 07:57:04 --> Undefined variable $data
#0 C:\xampp\htdocs\MS\app\Views\deskapp\dashboard\index.php(11537): CodeIgniter\Debug\Exceptions->errorHandler(2, 'Undefined varia...', 'C:\\xampp\\htdocs...', 11537)
#1 C:\xampp\htdocs\MS\system\View\View.php(223): include('C:\\xampp\\htdocs...')
#2 C:\xampp\htdocs\MS\system\Common.php(1213): CodeIgniter\View\View->render('deskapp/dashboa...', Array, true)
#3 C:\xampp\htdocs\MS\app\Controllers\Deskapp\Dashboard.php(36): view('deskapp/dashboa...', Array)
#4 C:\xampp\htdocs\MS\system\CodeIgniter.php(935): App\Controllers\Deskapp\Dashboard->index()
#5 C:\xampp\htdocs\MS\system\CodeIgniter.php(431): CodeIgniter\CodeIgniter->runController(Object(App\Controllers\Deskapp\Dashboard))
#6 C:\xampp\htdocs\MS\system\CodeIgniter.php(332): CodeIgniter\CodeIgniter->handleRequest(NULL, Object(Config\Cache), false)
#7 C:\xampp\htdocs\MS\index.php(44): CodeIgniter\CodeIgniter->run()
#8 {main}
