CRITICAL - 2023-08-13 02:20:16 --> Undefined variable $projects
#0 C:\xampp\htdocs\MS\app\Views\deskapp\forms\form-wizard.php(77): CodeIgniter\Debug\Exceptions->errorHandler(2, 'Undefined varia...', 'C:\\xampp\\htdocs...', 77)
#1 C:\xampp\htdocs\MS\system\View\View.php(223): include('C:\\xampp\\htdocs...')
#2 C:\xampp\htdocs\MS\system\Common.php(1213): CodeIgniter\View\View->render('deskapp/forms/f...', Array, true)
#3 C:\xampp\htdocs\MS\app\Controllers\Deskapp\Forms.php(50): view('deskapp/forms/f...', Array)
#4 C:\xampp\htdocs\MS\system\CodeIgniter.php(935): App\Controllers\Deskapp\Forms->wizard()
#5 C:\xampp\htdocs\MS\system\CodeIgniter.php(431): CodeIgniter\CodeIgniter->runController(Object(App\Controllers\Deskapp\Forms))
#6 C:\xampp\htdocs\MS\system\CodeIgniter.php(332): CodeIgniter\CodeIgniter->handleRequest(NULL, Object(Config\Cache), false)
#7 C:\xampp\htdocs\MS\index.php(44): CodeIgniter\CodeIgniter->run()
#8 {main}
ERROR - 2023-08-13 02:45:18 --> mysqli_sql_exception: Unknown column 'user_id' in 'where clause' in C:\xampp\htdocs\MS\system\Database\MySQLi\Connection.php:314
Stack trace:
#0 C:\xampp\htdocs\MS\system\Database\MySQLi\Connection.php(314): mysqli->query('SELECT `name`\nF...')
#1 C:\xampp\htdocs\MS\system\Database\BaseConnection.php(715): CodeIgniter\Database\MySQLi\Connection->execute('SELECT `name`\nF...')
#2 C:\xampp\htdocs\MS\system\Database\BaseConnection.php(643): CodeIgniter\Database\BaseConnection->simpleQuery('SELECT `name`\nF...')
#3 C:\xampp\htdocs\MS\system\Database\BaseBuilder.php(1866): CodeIgniter\Database\BaseConnection->query('SELECT `name`\nF...', Array, false)
#4 C:\xampp\htdocs\MS\app\Models\UserModel.php(45): CodeIgniter\Database\BaseBuilder->get()
#5 C:\xampp\htdocs\MS\app\Controllers\Deskapp\Ui.php(184): App\Models\UserModel->getSelectedNamesForUser(NULL)
#6 C:\xampp\htdocs\MS\system\CodeIgniter.php(935): App\Controllers\Deskapp\Ui->cards()
#7 C:\xampp\htdocs\MS\system\CodeIgniter.php(431): CodeIgniter\CodeIgniter->runController(Object(App\Controllers\Deskapp\Ui))
#8 C:\xampp\htdocs\MS\system\CodeIgniter.php(332): CodeIgniter\CodeIgniter->handleRequest(NULL, Object(Config\Cache), false)
#9 C:\xampp\htdocs\MS\index.php(44): CodeIgniter\CodeIgniter->run()
#10 {main}
