CRITICAL - 2023-08-05 09:15:06 --> Call to undefined method App\Models\UserModel::getUsersWithoutPasswordAndMemId
#0 C:\xampp\htdocs\MS\app\Controllers\Deskapp\Tables.php(28): CodeIgniter\Model->__call('getUsersWithout...', Array)
#1 C:\xampp\htdocs\MS\system\CodeIgniter.php(935): App\Controllers\Deskapp\Tables->basic()
#2 C:\xampp\htdocs\MS\system\CodeIgniter.php(431): CodeIgniter\CodeIgniter->runController(Object(App\Controllers\Deskapp\Tables))
#3 C:\xampp\htdocs\MS\system\CodeIgniter.php(332): CodeIgniter\CodeIgniter->handleRequest(NULL, Object(Config\Cache), false)
#4 C:\xampp\htdocs\MS\index.php(44): CodeIgniter\CodeIgniter->run()
#5 {main}
CRITICAL - 2023-08-05 09:26:36 --> Undefined variable $session
#0 C:\xampp\htdocs\MS\app\Views\deskapp\includes\_header.php(126): CodeIgniter\Debug\Exceptions->errorHandler(2, 'Undefined varia...', 'C:\\xampp\\htdocs...', 126)
#1 C:\xampp\htdocs\MS\system\View\View.php(223): include('C:\\xampp\\htdocs...')
#2 C:\xampp\htdocs\MS\system\Common.php(1213): CodeIgniter\View\View->render('deskapp/include...', Array, true)
#3 C:\xampp\htdocs\MS\app\Views\deskapp\auth\register.php(47): view('deskapp/include...')
#4 C:\xampp\htdocs\MS\system\View\View.php(223): include('C:\\xampp\\htdocs...')
#5 C:\xampp\htdocs\MS\system\Common.php(1213): CodeIgniter\View\View->render('deskapp/auth/re...', Array, true)
#6 C:\xampp\htdocs\MS\app\Controllers\Deskapp\Register.php(15): view('deskapp/auth/re...', Array)
#7 C:\xampp\htdocs\MS\system\CodeIgniter.php(935): App\Controllers\Deskapp\Register->index()
#8 C:\xampp\htdocs\MS\system\CodeIgniter.php(431): CodeIgniter\CodeIgniter->runController(Object(App\Controllers\Deskapp\Register))
#9 C:\xampp\htdocs\MS\system\CodeIgniter.php(332): CodeIgniter\CodeIgniter->handleRequest(NULL, Object(Config\Cache), false)
#10 C:\xampp\htdocs\MS\index.php(44): CodeIgniter\CodeIgniter->run()
#11 {main}
CRITICAL - 2023-08-05 09:27:02 --> Undefined variable $session
#0 C:\xampp\htdocs\MS\app\Views\deskapp\includes\_header.php(126): CodeIgniter\Debug\Exceptions->errorHandler(2, 'Undefined varia...', 'C:\\xampp\\htdocs...', 126)
#1 C:\xampp\htdocs\MS\system\View\View.php(223): include('C:\\xampp\\htdocs...')
#2 C:\xampp\htdocs\MS\system\Common.php(1213): CodeIgniter\View\View->render('deskapp/include...', Array, true)
#3 C:\xampp\htdocs\MS\app\Views\deskapp\auth\register.php(47): view('deskapp/include...')
#4 C:\xampp\htdocs\MS\system\View\View.php(223): include('C:\\xampp\\htdocs...')
#5 C:\xampp\htdocs\MS\system\Common.php(1213): CodeIgniter\View\View->render('deskapp/auth/re...', Array, true)
#6 C:\xampp\htdocs\MS\app\Controllers\Deskapp\Register.php(15): view('deskapp/auth/re...', Array)
#7 C:\xampp\htdocs\MS\system\CodeIgniter.php(935): App\Controllers\Deskapp\Register->index()
#8 C:\xampp\htdocs\MS\system\CodeIgniter.php(431): CodeIgniter\CodeIgniter->runController(Object(App\Controllers\Deskapp\Register))
#9 C:\xampp\htdocs\MS\system\CodeIgniter.php(332): CodeIgniter\CodeIgniter->handleRequest(NULL, Object(Config\Cache), false)
#10 C:\xampp\htdocs\MS\index.php(44): CodeIgniter\CodeIgniter->run()
#11 {main}
CRITICAL - 2023-08-05 09:27:44 --> Undefined variable $session
#0 C:\xampp\htdocs\MS\app\Views\deskapp\includes\_header.php(126): CodeIgniter\Debug\Exceptions->errorHandler(2, 'Undefined varia...', 'C:\\xampp\\htdocs...', 126)
#1 C:\xampp\htdocs\MS\system\View\View.php(223): include('C:\\xampp\\htdocs...')
#2 C:\xampp\htdocs\MS\system\Common.php(1213): CodeIgniter\View\View->render('deskapp/include...', Array, true)
#3 C:\xampp\htdocs\MS\app\Views\deskapp\auth\register.php(47): view('deskapp/include...')
#4 C:\xampp\htdocs\MS\system\View\View.php(223): include('C:\\xampp\\htdocs...')
#5 C:\xampp\htdocs\MS\system\Common.php(1213): CodeIgniter\View\View->render('deskapp/auth/re...', Array, true)
#6 C:\xampp\htdocs\MS\app\Controllers\Deskapp\Register.php(15): view('deskapp/auth/re...', Array)
#7 C:\xampp\htdocs\MS\system\CodeIgniter.php(935): App\Controllers\Deskapp\Register->index()
#8 C:\xampp\htdocs\MS\system\CodeIgniter.php(431): CodeIgniter\CodeIgniter->runController(Object(App\Controllers\Deskapp\Register))
#9 C:\xampp\htdocs\MS\system\CodeIgniter.php(332): CodeIgniter\CodeIgniter->handleRequest(NULL, Object(Config\Cache), false)
#10 C:\xampp\htdocs\MS\index.php(44): CodeIgniter\CodeIgniter->run()
#11 {main}
CRITICAL - 2023-08-05 10:18:24 --> Undefined variable $project
#0 C:\xampp\htdocs\MS\app\Views\deskapp\ui\ui-sweet-alert.php(4036): CodeIgniter\Debug\Exceptions->errorHandler(2, 'Undefined varia...', 'C:\\xampp\\htdocs...', 4036)
#1 C:\xampp\htdocs\MS\system\View\View.php(223): include('C:\\xampp\\htdocs...')
#2 C:\xampp\htdocs\MS\system\Common.php(1213): CodeIgniter\View\View->render('deskapp/ui/ui-s...', Array, true)
#3 C:\xampp\htdocs\MS\app\Controllers\Deskapp\Ui.php(313): view('deskapp/ui/ui-s...', Array)
#4 C:\xampp\htdocs\MS\system\CodeIgniter.php(935): App\Controllers\Deskapp\Ui->sweetAlert()
#5 C:\xampp\htdocs\MS\system\CodeIgniter.php(431): CodeIgniter\CodeIgniter->runController(Object(App\Controllers\Deskapp\Ui))
#6 C:\xampp\htdocs\MS\system\CodeIgniter.php(332): CodeIgniter\CodeIgniter->handleRequest(NULL, Object(Config\Cache), false)
#7 C:\xampp\htdocs\MS\index.php(44): CodeIgniter\CodeIgniter->run()
#8 {main}
